17:38:24.874 WARN  None o.e.c.EnsimeConfigProtocol$ - RawFile(/Users/valentina/git/scala-course/forcomp/target/scala-2.11/classes) does not exist, creating
17:38:24.888 WARN  None o.e.c.EnsimeConfigProtocol$ - RawFile(/Users/valentina/git/scala-course/forcomp/target/scala-2.11/test-classes) does not exist, creating
17:38:25.024 INFO  None a.e.s.Slf4jLogger - Slf4jLogger started
17:38:25.030 DEBUG EventStream(akka://ENSIME) a.e.EventStream - logger log1-Slf4jLogger started
17:38:25.033 DEBUG EventStream(akka://ENSIME) a.e.EventStream - Default Loggers started
17:38:25.051 INFO  None o.a.c.v.i.StandardFileSystemManager - Using "/var/folders/st/4z0q78v10xl4pyqh3h_hjcf00000gn/T/vfs_cache" as temporary files store.
17:38:25.123 DEBUG akka://ENSIME/system/IO-TCP/selectors/$a/0 a.i.TcpListener - Successfully bound to /127.0.0.1:62272
17:38:25.126 INFO  akka://ENSIME/user/ensime-main/tcp-server o.e.s.t.TCPServer - Bound server on port 62272
17:38:25.128 INFO  None o.e.s.PortUtil$ - creating port file: /Users/valentina/git/scala-course/forcomp/.ensime_cache/port
17:38:25.215 INFO  akka://ENSIME/user/ensime-main o.e.s.ServerActor - Environment:
17:38:25.215 INFO  akka://ENSIME/user/ensime-main o.e.s.ServerActor -   OS : Mac OS X
17:38:25.215 INFO  akka://ENSIME/user/ensime-main o.e.s.ServerActor -   Java : Java HotSpot(TM) 64-Bit Server VM 25.171-b11, Java(TM) SE Runtime Environment 1.8.0_171-b11
17:38:25.216 INFO  akka://ENSIME/user/ensime-main o.e.s.ServerActor -   Scala version: version 2.10.7
17:38:25.216 INFO  akka://ENSIME/user/ensime-main o.e.s.ServerActor -   Ensime : 2.0.0
17:38:25.216 INFO  akka://ENSIME/user/ensime-main o.e.s.ServerActor -   Heap Size : 3817865216
17:38:25.216 INFO  None o.e.s.PortUtil$ - creating port file: /Users/valentina/git/scala-course/forcomp/.ensime_cache/http
17:38:25.216 INFO  akka://ENSIME/user/ensime-main o.e.s.ServerActor -   Built with Scala version: 2.10.6
17:38:25.217 INFO  akka://ENSIME/user/ensime-main o.e.s.ServerActor -   Built with sbt version: 0.13.16
17:38:25.217 INFO  akka://ENSIME/user/ensime-main o.e.s.ServerActor -   Built from git sha: cde49d6b8d63dc6c979a9eea3137493281a0c52c
17:38:25.217 INFO  akka://ENSIME/user/ensime-main o.e.s.ServerActor -   Built on: 2017-09-24
17:38:25.217 INFO  akka://ENSIME/user/ensime-main o.e.s.ServerActor - ENSIME HTTP on /127.0.0.1:62273
17:38:25.643 INFO  None o.e.i.g.GraphService - creating the graph database...
17:38:25.960 INFO  None c.o.o.c.e.OMemoryAndLocalPaginatedEnginesInitializer - OrientDB auto-config DISKCACHE=3,641MB (heap=3,641MB direct=3,641MB os=16,384MB), assuming maximum direct memory size equals to maximum JVM heap size
17:38:25.960 WARN  None c.o.c.u.OMemory - MaxDirectMemorySize JVM option is not set or has invalid value, that may cause out of memory errors. Please set the -XX:MaxDirectMemorySize=16384m option when you start the JVM.
17:38:26.040 INFO  None o.e.s.WebSocketFrameHandler - Handlers ready
17:38:26.228 DEBUG akka://ENSIME/user/ensime-main/$b/0 o.e.s.RequestHandler - ConnectionInfoReq
17:38:28.106 INFO  None o.e.i.g.GraphService - ... created the graph database
17:38:28.111 DEBUG None o.e.f.FileWatchService - init watcher
17:38:28.113 DEBUG None o.e.f.FileWatchService - start a background monitoring thread
17:38:28.114 DEBUG None o.e.f.FileWatchService - start monitoring WatchService events
17:38:28.114 DEBUG None o.e.f.FileWatchService - init watcher
17:38:28.114 DEBUG None o.e.f.FileWatchService - start a background monitoring thread
17:38:28.114 DEBUG None o.e.f.FileWatchService - start monitoring WatchService events
17:38:28.120 DEBUG None o.e.i.SearchService - findStaleFileChecks
17:38:28.122 DEBUG None o.e.i.SearchService - removing 0 stale files from the index
17:38:28.124 DEBUG akka://ENSIME/user/ensime-main/project o.e.c.Project - received handled message ConnectionInfoReq in state awaitingConnectionInfoReq
17:38:28.131 DEBUG akka://ENSIME/user/ensime-main/$b/0 o.e.s.RequestHandler - received handled message ConnectionInfo(None,EnsimeImplementation(ENSIME),1.9.6) in state receive
17:38:28.183 DEBUG None o.e.i.SearchService - Indexing bases...
17:38:28.205 DEBUG None o.e.i.SearchService - indexing file:///Users/valentina/Library/Caches/Coursier/v1/https/repo1.maven.org/maven2/junit/junit/4.10/junit-4.10.jar
17:38:28.205 DEBUG None o.e.i.SearchService - indexing file:///Library/Java/JavaVirtualMachines/jdk1.8.0_171.jdk/Contents/Home/jre/lib/rt.jar
17:38:28.229 DEBUG akka://ENSIME/user/ensime-main/$b o.e.s.ConnectionHandler - received handled message FullTypeCheckCompleteEvent
17:38:28.258 DEBUG akka://ENSIME/user/ensime-main/$b o.e.s.ConnectionHandler - received handled message AnalyzerReadyEvent
17:38:29.598 DEBUG akka://ENSIME/user/ensime-main/$b o.e.s.ConnectionHandler - received handled message SendBackgroundMessageEvent(Initializing Analyzer. Please wait...,105)
17:38:29.619 DEBUG akka://ENSIME/user/ensime-main/project/scalac/$a o.e.c.Analyzer - received handled message FullTypeCheckCompleteEvent in state startup
17:38:29.726 DEBUG None o.e.i.SearchService - indexing file:///Users/valentina/Library/Caches/Coursier/v1/https/repo1.maven.org/maven2/org/scalatest/scalatest_2.11/2.2.4/scalatest_2.11-2.2.4.jar
17:38:30.505 DEBUG None o.e.i.SearchService - finished indexing file:///Users/valentina/Library/Caches/Coursier/v1/https/repo1.maven.org/maven2/junit/junit/4.10/junit-4.10.jar
17:38:36.346 DEBUG None o.e.i.SearchService - indexing file:///Users/valentina/Library/Caches/Coursier/v1/https/repo1.maven.org/maven2/org/scala-lang/scala-library/2.11.12/scala-library-2.11.12.jar
17:38:43.919 DEBUG None o.e.i.SearchService - indexing file:///Users/valentina/Library/Caches/Coursier/v1/https/repo1.maven.org/maven2/org/hamcrest/hamcrest-core/1.1/hamcrest-core-1.1.jar
17:38:43.934 DEBUG None o.e.i.SearchService - indexing file:///Users/valentina/Library/Caches/Coursier/v1/https/repo1.maven.org/maven2/org/scala-lang/modules/scala-xml_2.11/1.0.2/scala-xml_2.11-1.0.2.jar
17:38:44.120 DEBUG None o.e.i.SearchService - finished indexing file:///Users/valentina/Library/Caches/Coursier/v1/https/repo1.maven.org/maven2/org/scalatest/scalatest_2.11/2.2.4/scalatest_2.11-2.2.4.jar
17:38:44.178 DEBUG None o.e.i.SearchService - finished indexing file:///Users/valentina/Library/Caches/Coursier/v1/https/repo1.maven.org/maven2/org/hamcrest/hamcrest-core/1.1/hamcrest-core-1.1.jar
17:38:44.706 DEBUG None o.e.i.SearchService - indexing file:///Users/valentina/Library/Caches/Coursier/v1/https/repo1.maven.org/maven2/org/scala-lang/scala-reflect/2.11.12/scala-reflect-2.11.12.jar
17:38:44.849 DEBUG None o.e.i.SearchService - indexing file:///Users/valentina/Library/Caches/Coursier/v1/https/repo1.maven.org/maven2/org/scala-lang/modules/scala-parser-combinators_2.11/1.0.4/scala-parser-combinators_2.11-1.0.4.jar
17:39:02.603 DEBUG None o.e.i.SearchService - finished indexing file:///Library/Java/JavaVirtualMachines/jdk1.8.0_171.jdk/Contents/Home/jre/lib/rt.jar
17:39:06.504 DEBUG None o.e.i.SearchService - finished indexing file:///Users/valentina/Library/Caches/Coursier/v1/https/repo1.maven.org/maven2/org/scala-lang/scala-library/2.11.12/scala-library-2.11.12.jar
17:39:06.822 DEBUG None o.e.i.SearchService - finished indexing file:///Users/valentina/Library/Caches/Coursier/v1/https/repo1.maven.org/maven2/org/scala-lang/modules/scala-xml_2.11/1.0.2/scala-xml_2.11-1.0.2.jar
17:39:06.908 DEBUG None o.e.i.SearchService - finished indexing file:///Users/valentina/Library/Caches/Coursier/v1/https/repo1.maven.org/maven2/org/scala-lang/modules/scala-parser-combinators_2.11/1.0.4/scala-parser-combinators_2.11-1.0.4.jar
17:39:09.436 DEBUG None o.e.i.SearchService - finished indexing file:///Users/valentina/Library/Caches/Coursier/v1/https/repo1.maven.org/maven2/org/scala-lang/scala-reflect/2.11.12/scala-reflect-2.11.12.jar
17:39:09.543 DEBUG akka://ENSIME/user/ensime-main/project o.e.c.Project - created 202379 and removed 0 searchable rows
17:39:09.544 DEBUG akka://ENSIME/user/ensime-main/$b o.e.s.ConnectionHandler - received handled message IndexerReadyEvent
17:43:03.133 DEBUG None o.e.u.Debouncer$ - Debouncer action ClassfileIndexer -> ClassfileIndexer invoked after delay 5 seconds surpassed (9 calls)
17:43:03.135 DEBUG akka://ENSIME/user/ClassfileIndexer o.e.i.IndexingQueueActor - Indexing 3 groups of files
17:43:03.143 INFO  None o.e.u.Debouncer$ - Debouncer action project -> project invoked after maxDelay 20 seconds surpassed (9 calls)
17:43:03.143 INFO  None o.e.u.Debouncer$ - Debouncer action project -> project invoked after maxDelay 20 seconds surpassed (9 calls)
17:43:03.144 DEBUG akka://ENSIME/user/ensime-main/project o.e.c.Project - received handled message RestartScalaCompilerReq(Some(EnsimeProjectId(root,compile)),KeepLoaded) in state handleRequests
17:43:03.144 DEBUG akka://ENSIME/user/ensime-main/project o.e.c.Project - received handled message RestartScalaCompilerReq(Some(EnsimeProjectId(root,test)),KeepLoaded) in state handleRequests
17:43:03.144 DEBUG akka://ENSIME/user/ensime-main/project/scalac o.e.c.AnalyzerManager - received handled message RestartScalaCompilerReq(Some(EnsimeProjectId(root,compile)),KeepLoaded) in state ready
17:43:03.145 DEBUG akka://ENSIME/user/ensime-main/project/scalac o.e.c.AnalyzerManager - received handled message RestartScalaCompilerReq(Some(EnsimeProjectId(root,test)),KeepLoaded) in state ready
17:43:03.145 DEBUG akka://ENSIME/user/ensime-main/$b o.e.s.ConnectionHandler - received handled message AnalyzerReadyEvent
17:43:03.146 DEBUG akka://ENSIME/user/ensime-main/$b o.e.s.ConnectionHandler - received handled message AnalyzerReadyEvent
17:43:03.152 WARN  None c.t.b.i.o.OrientGraph - $ANSI{green {db=graph-2.0.4}} Requested command 'Committing the active transaction to create the new type 'UsageLocation' as subclass of 'V'. The transaction will be reopen right after that. To avoid this behavior create the classes outside the trans
17:43:03.169 WARN  None c.t.b.i.o.OrientGraph - $ANSI{green {db=graph-2.0.4}} Requested command 'create edge type 'UsedAt' as subclass of 'E'' must be executed outside active transaction: the transaction will be committed and reopen right after it. To avoid this behavior execute it outside a trans
17:43:13.153 DEBUG None o.e.u.Debouncer$ - Debouncer action project -> project invoked after delay 5 seconds surpassed (13 calls)
17:43:13.153 DEBUG None o.e.u.Debouncer$ - Debouncer action ClassfileIndexer -> ClassfileIndexer invoked after delay 5 seconds surpassed (13 calls)
17:43:13.154 DEBUG akka://ENSIME/user/ensime-main/project o.e.c.Project - received handled message RestartScalaCompilerReq(Some(EnsimeProjectId(root,test)),KeepLoaded) in state handleRequests
17:43:13.154 DEBUG akka://ENSIME/user/ClassfileIndexer o.e.i.IndexingQueueActor - Indexing 1 groups of files
17:43:13.154 DEBUG akka://ENSIME/user/ensime-main/project/scalac o.e.c.AnalyzerManager - received handled message RestartScalaCompilerReq(Some(EnsimeProjectId(root,test)),KeepLoaded) in state ready
17:43:13.155 DEBUG akka://ENSIME/user/ensime-main/$b o.e.s.ConnectionHandler - received handled message AnalyzerReadyEvent
17:43:29.613 DEBUG akka://ENSIME/user/ensime-main/project/scalac/$a o.e.c.Analyzer - received handled message SuspendAnalyzer in state ready
18:26:23.064 INFO  None o.e.u.Debouncer$ - Debouncer action project -> project invoked after maxDelay 20 seconds surpassed (2 calls)
18:26:23.064 INFO  None o.e.u.Debouncer$ - Debouncer action project -> project invoked after maxDelay 20 seconds surpassed (2 calls)
18:26:23.064 DEBUG None o.e.u.Debouncer$ - Debouncer action ClassfileIndexer -> ClassfileIndexer invoked after delay 5 seconds surpassed (2 calls)
18:26:23.065 DEBUG akka://ENSIME/user/ensime-main/project o.e.c.Project - received handled message RestartScalaCompilerReq(Some(EnsimeProjectId(root,test)),KeepLoaded) in state handleRequests
18:26:23.066 DEBUG akka://ENSIME/user/ClassfileIndexer o.e.i.IndexingQueueActor - Indexing 1 groups of files
18:26:23.066 DEBUG akka://ENSIME/user/ensime-main/project o.e.c.Project - received handled message RestartScalaCompilerReq(Some(EnsimeProjectId(root,compile)),KeepLoaded) in state handleRequests
18:26:23.067 DEBUG akka://ENSIME/user/ensime-main/project/scalac o.e.c.AnalyzerManager - received handled message RestartScalaCompilerReq(Some(EnsimeProjectId(root,test)),KeepLoaded) in state ready
18:26:23.067 DEBUG akka://ENSIME/user/ensime-main/project/scalac o.e.c.AnalyzerManager - received handled message RestartScalaCompilerReq(Some(EnsimeProjectId(root,compile)),KeepLoaded) in state ready
18:26:23.067 DEBUG akka://ENSIME/user/ensime-main/$b o.e.s.ConnectionHandler - received handled message AnalyzerReadyEvent
18:26:23.068 DEBUG akka://ENSIME/user/ensime-main/$b o.e.s.ConnectionHandler - received handled message AnalyzerReadyEvent
18:26:43.060 DEBUG None o.e.u.Debouncer$ - Debouncer action ClassfileIndexer -> ClassfileIndexer invoked after delay 5 seconds surpassed (5 calls)
18:26:43.060 DEBUG None o.e.u.Debouncer$ - Debouncer action project -> project invoked after delay 5 seconds surpassed (5 calls)
18:26:43.060 DEBUG None o.e.u.Debouncer$ - Debouncer action project -> project invoked after delay 5 seconds surpassed (5 calls)
18:26:43.061 DEBUG akka://ENSIME/user/ClassfileIndexer o.e.i.IndexingQueueActor - Indexing 1 groups of files
18:26:43.061 DEBUG akka://ENSIME/user/ensime-main/project o.e.c.Project - received handled message RestartScalaCompilerReq(Some(EnsimeProjectId(root,compile)),KeepLoaded) in state handleRequests
18:26:43.062 DEBUG akka://ENSIME/user/ensime-main/project/scalac o.e.c.AnalyzerManager - received handled message RestartScalaCompilerReq(Some(EnsimeProjectId(root,compile)),KeepLoaded) in state ready
18:26:43.062 DEBUG akka://ENSIME/user/ensime-main/project o.e.c.Project - received handled message RestartScalaCompilerReq(Some(EnsimeProjectId(root,test)),KeepLoaded) in state handleRequests
18:26:43.062 DEBUG akka://ENSIME/user/ensime-main/project/scalac o.e.c.AnalyzerManager - received handled message RestartScalaCompilerReq(Some(EnsimeProjectId(root,test)),KeepLoaded) in state ready
18:26:43.063 DEBUG akka://ENSIME/user/ensime-main/$b o.e.s.ConnectionHandler - received handled message AnalyzerReadyEvent
18:26:43.063 DEBUG akka://ENSIME/user/ensime-main/$b o.e.s.ConnectionHandler - received handled message AnalyzerReadyEvent
21:24:16.270 INFO  None o.e.u.Debouncer$ - Debouncer action ClassfileIndexer -> ClassfileIndexer invoked after maxDelay 1 hour surpassed (6 calls)
21:24:16.270 INFO  None o.e.u.Debouncer$ - Debouncer action project -> project invoked after maxDelay 20 seconds surpassed (6 calls)
21:24:16.271 INFO  None o.e.u.Debouncer$ - Debouncer action project -> project invoked after maxDelay 20 seconds surpassed (6 calls)
21:24:16.272 DEBUG akka://ENSIME/user/ClassfileIndexer o.e.i.IndexingQueueActor - Indexing 1 groups of files
21:24:16.272 DEBUG akka://ENSIME/user/ensime-main/project o.e.c.Project - received handled message RestartScalaCompilerReq(Some(EnsimeProjectId(root,test)),KeepLoaded) in state handleRequests
21:24:16.273 DEBUG akka://ENSIME/user/ensime-main/project/scalac o.e.c.AnalyzerManager - received handled message RestartScalaCompilerReq(Some(EnsimeProjectId(root,test)),KeepLoaded) in state ready
21:24:16.273 DEBUG akka://ENSIME/user/ensime-main/project o.e.c.Project - received handled message RestartScalaCompilerReq(Some(EnsimeProjectId(root,compile)),KeepLoaded) in state handleRequests
21:24:16.273 DEBUG akka://ENSIME/user/ensime-main/project/scalac o.e.c.AnalyzerManager - received handled message RestartScalaCompilerReq(Some(EnsimeProjectId(root,compile)),KeepLoaded) in state ready
21:24:16.274 DEBUG akka://ENSIME/user/ensime-main/$b o.e.s.ConnectionHandler - received handled message AnalyzerReadyEvent
21:24:16.274 DEBUG akka://ENSIME/user/ensime-main/$b o.e.s.ConnectionHandler - received handled message AnalyzerReadyEvent
21:25:26.247 INFO  None o.e.u.Debouncer$ - Debouncer action project -> project invoked after maxDelay 20 seconds surpassed (13 calls)
21:25:26.247 INFO  None o.e.u.Debouncer$ - Debouncer action project -> project invoked after maxDelay 20 seconds surpassed (13 calls)
21:25:26.249 DEBUG akka://ENSIME/user/ensime-main/project o.e.c.Project - received handled message RestartScalaCompilerReq(Some(EnsimeProjectId(root,test)),KeepLoaded) in state handleRequests
21:25:26.249 DEBUG akka://ENSIME/user/ensime-main/project o.e.c.Project - received handled message RestartScalaCompilerReq(Some(EnsimeProjectId(root,compile)),KeepLoaded) in state handleRequests
21:25:26.249 DEBUG akka://ENSIME/user/ensime-main/project/scalac o.e.c.AnalyzerManager - received handled message RestartScalaCompilerReq(Some(EnsimeProjectId(root,test)),KeepLoaded) in state ready
21:25:26.249 DEBUG akka://ENSIME/user/ensime-main/project/scalac o.e.c.AnalyzerManager - received handled message RestartScalaCompilerReq(Some(EnsimeProjectId(root,compile)),KeepLoaded) in state ready
21:25:26.250 DEBUG akka://ENSIME/user/ensime-main/$b o.e.s.ConnectionHandler - received handled message AnalyzerReadyEvent
21:25:26.250 DEBUG akka://ENSIME/user/ensime-main/$b o.e.s.ConnectionHandler - received handled message AnalyzerReadyEvent
21:25:26.284 DEBUG None o.e.u.Debouncer$ - Debouncer action ClassfileIndexer -> ClassfileIndexer invoked after delay 5 seconds surpassed (13 calls)
21:25:26.285 DEBUG akka://ENSIME/user/ClassfileIndexer o.e.i.IndexingQueueActor - Indexing 3 groups of files
21:25:36.800 WARN  None c.o.o.c.OSignalHandler - Received signal: SIGTERM
21:25:36.800 INFO  None c.o.o.c.Orient - Orient Engine is shutting down...
21:25:36.801 INFO  None c.o.o.c.Orient - - shutdown storage: graph-2.0.4...
21:25:36.813 WARN  None c.o.o.c.OSignalHandler - Received signal: SIGTERM
21:25:37.460 INFO  None c.o.o.c.Orient - OrientDB Engine shutdown complete
