19:26:01.710 INFO  None a.e.s.Slf4jLogger - Slf4jLogger started
19:26:01.717 DEBUG EventStream(akka://ENSIME) a.e.EventStream - logger log1-Slf4jLogger started
19:26:01.720 DEBUG EventStream(akka://ENSIME) a.e.EventStream - Default Loggers started
19:26:01.737 INFO  None o.a.c.v.i.StandardFileSystemManager - Using "/var/folders/st/4z0q78v10xl4pyqh3h_hjcf00000gn/T/vfs_cache" as temporary files store.
19:26:01.805 DEBUG akka://ENSIME/system/IO-TCP/selectors/$a/0 a.i.TcpListener - Successfully bound to /127.0.0.1:56728
19:26:01.808 INFO  akka://ENSIME/user/ensime-main/tcp-server o.e.s.t.TCPServer - Bound server on port 56728
19:26:01.810 INFO  None o.e.s.PortUtil$ - creating port file: /Users/valentina/git/scala-course/funsets/.ensime_cache/port
19:26:01.894 INFO  akka://ENSIME/user/ensime-main o.e.s.ServerActor - Environment:
19:26:01.894 INFO  akka://ENSIME/user/ensime-main o.e.s.ServerActor -   OS : Mac OS X
19:26:01.895 INFO  akka://ENSIME/user/ensime-main o.e.s.ServerActor -   Java : Java HotSpot(TM) 64-Bit Server VM 25.171-b11, Java(TM) SE Runtime Environment 1.8.0_171-b11
19:26:01.895 INFO  akka://ENSIME/user/ensime-main o.e.s.ServerActor -   Scala version: version 2.10.7
19:26:01.895 INFO  akka://ENSIME/user/ensime-main o.e.s.ServerActor -   Ensime : 2.0.0
19:26:01.895 INFO  None o.e.s.PortUtil$ - creating port file: /Users/valentina/git/scala-course/funsets/.ensime_cache/http
19:26:01.896 INFO  akka://ENSIME/user/ensime-main o.e.s.ServerActor -   Heap Size : 3817865216
19:26:01.896 INFO  akka://ENSIME/user/ensime-main o.e.s.ServerActor -   Built with Scala version: 2.10.6
19:26:01.896 INFO  akka://ENSIME/user/ensime-main o.e.s.ServerActor -   Built with sbt version: 0.13.16
19:26:01.896 INFO  akka://ENSIME/user/ensime-main o.e.s.ServerActor -   Built from git sha: cde49d6b8d63dc6c979a9eea3137493281a0c52c
19:26:01.896 INFO  akka://ENSIME/user/ensime-main o.e.s.ServerActor -   Built on: 2017-09-24
19:26:01.897 INFO  akka://ENSIME/user/ensime-main o.e.s.ServerActor - ENSIME HTTP on /127.0.0.1:56729
19:26:02.309 INFO  None o.e.i.g.GraphService - creating the graph database...
19:26:02.633 INFO  None c.o.o.c.e.OMemoryAndLocalPaginatedEnginesInitializer - OrientDB auto-config DISKCACHE=3,641MB (heap=3,641MB direct=3,641MB os=16,384MB), assuming maximum direct memory size equals to maximum JVM heap size
19:26:02.634 WARN  None c.o.c.u.OMemory - MaxDirectMemorySize JVM option is not set or has invalid value, that may cause out of memory errors. Please set the -XX:MaxDirectMemorySize=16384m option when you start the JVM.
19:26:02.673 INFO  None o.e.s.WebSocketFrameHandler - Handlers ready
19:26:02.861 DEBUG akka://ENSIME/user/ensime-main/$b/0 o.e.s.RequestHandler - ConnectionInfoReq
19:26:04.610 INFO  None o.e.i.g.GraphService - ... created the graph database
19:26:04.617 DEBUG None o.e.f.FileWatchService - init watcher
19:26:04.619 DEBUG None o.e.f.FileWatchService - start a background monitoring thread
19:26:04.619 DEBUG None o.e.f.FileWatchService - start monitoring WatchService events
19:26:04.620 DEBUG None o.e.f.FileWatchService - init watcher
19:26:04.620 DEBUG None o.e.f.FileWatchService - start a background monitoring thread
19:26:04.620 DEBUG None o.e.f.FileWatchService - start monitoring WatchService events
19:26:04.625 DEBUG None o.e.i.SearchService - findStaleFileChecks
19:26:04.626 DEBUG None o.e.i.SearchService - removing 0 stale files from the index
19:26:04.635 DEBUG akka://ENSIME/user/ensime-main/project o.e.c.Project - received handled message ConnectionInfoReq in state awaitingConnectionInfoReq
19:26:04.643 DEBUG akka://ENSIME/user/ensime-main/$b/0 o.e.s.RequestHandler - received handled message ConnectionInfo(None,EnsimeImplementation(ENSIME),1.9.6) in state receive
19:26:04.724 DEBUG None o.e.i.SearchService - Indexing bases...
19:26:04.728 DEBUG akka://ENSIME/user/ensime-main/$b o.e.s.ConnectionHandler - received handled message FullTypeCheckCompleteEvent
19:26:04.740 DEBUG None o.e.i.SearchService - indexing file:///Users/valentina/Library/Caches/Coursier/v1/https/repo1.maven.org/maven2/junit/junit/4.10/junit-4.10.jar
19:26:04.742 DEBUG None o.e.i.SearchService - indexing file:///Library/Java/JavaVirtualMachines/jdk1.8.0_171.jdk/Contents/Home/jre/lib/rt.jar
19:26:04.777 DEBUG akka://ENSIME/user/ensime-main/$b o.e.s.ConnectionHandler - received handled message AnalyzerReadyEvent
19:26:05.932 DEBUG akka://ENSIME/user/ensime-main/$b o.e.s.ConnectionHandler - received handled message SendBackgroundMessageEvent(Initializing Analyzer. Please wait...,105)
19:26:05.955 DEBUG akka://ENSIME/user/ensime-main/project/scalac/$a o.e.c.Analyzer - received handled message FullTypeCheckCompleteEvent in state startup
19:26:05.983 DEBUG akka://ENSIME/user/ensime-main/$b/1 o.e.s.RequestHandler - CompletionsReq(SourceFileInfo(RawFile(/Users/valentina/git/scala-course/funsets/src/main/scala/funsets/FunSets.scala),Some(...),None),2531,100,true,false)
19:26:05.984 DEBUG akka://ENSIME/user/ensime-main/project o.e.c.Project - received handled message CompletionsReq(SourceFileInfo(RawFile(/Users/valentina/git/scala-course/funsets/src/main/scala/funsets/FunSets.scala),Some(...),None),2531,100,true,false) in state handleRequests
19:26:05.985 DEBUG akka://ENSIME/user/ensime-main/project/scalac o.e.c.AnalyzerManager - received handled message CompletionsReq(SourceFileInfo(RawFile(/Users/valentina/git/scala-course/funsets/src/main/scala/funsets/FunSets.scala),Some(...),None),2531,100,true,false) in state ready
19:26:06.147 DEBUG akka://ENSIME/user/ensime-main/$b o.e.s.ConnectionHandler - received handled message SendBackgroundMessageEvent(Initializing Analyzer. Please wait...,105)
19:26:06.148 DEBUG akka://ENSIME/user/ensime-main/project/scalac/root_compile o.e.c.Analyzer - received handled message CompletionsReq(SourceFileInfo(RawFile(/Users/valentina/git/scala-course/funsets/src/main/scala/funsets/FunSets.scala),Some(...),None),2531,100,true,false) in state startup
19:26:06.149 DEBUG akka://ENSIME/user/ensime-main/project/scalac/root_compile o.e.c.Analyzer - received handled message FullTypeCheckCompleteEvent in state startup
19:26:06.150 DEBUG akka://ENSIME/user/ensime-main/project/scalac/root_compile o.e.c.Analyzer - received handled message CompletionsReq(SourceFileInfo(RawFile(/Users/valentina/git/scala-course/funsets/src/main/scala/funsets/FunSets.scala),Some(...),None),2531,100,true,false) in state ready
19:26:06.206 DEBUG None o.e.i.SearchService - indexing file:///Users/valentina/Library/Caches/Coursier/v1/https/repo1.maven.org/maven2/org/scalatest/scalatest_2.11/2.2.4/scalatest_2.11-2.2.4.jar
19:26:07.160 DEBUG None o.e.i.SearchService - finished indexing file:///Users/valentina/Library/Caches/Coursier/v1/https/repo1.maven.org/maven2/junit/junit/4.10/junit-4.10.jar
19:26:07.172 WARN  None c.t.b.i.o.OrientGraph - $ANSI{green {db=graph-2.0.4}} Requested command 'Committing the active transaction to create the new type 'UsageLocation' as subclass of 'V'. The transaction will be reopen right after that. To avoid this behavior create the classes outside the trans
19:26:07.194 WARN  None c.t.b.i.o.OrientGraph - $ANSI{green {db=graph-2.0.4}} Requested command 'create edge type 'UsedAt' as subclass of 'E'' must be executed outside active transaction: the transaction will be committed and reopen right after it. To avoid this behavior execute it outside a trans
19:26:07.264 DEBUG akka://ENSIME/user/ensime-main/$b/1 o.e.s.RequestHandler - received handled message CompletionInfoList(p,List(CompletionInfo(None,package,100,None,false), CompletionInfo(None,private,100,None,false), CompletionInfo(None,protected,100,None,false), CompletionInfo(Some(ArrowTypeInfo((Any) => Unit,(scala.Any) =>
[FunSets.scala]: exception during background compile: scala.reflect.internal.MissingRequirementError: class scala.annotation.serializable in compiler mirror not found.
scala.reflect.internal.MissingRequirementError: class scala.annotation.serializable in compiler mirror not found.
	at scala.reflect.internal.MissingRequirementError$.signal(MissingRequirementError.scala:16)
	at scala.reflect.internal.MissingRequirementError$.notFound(MissingRequirementError.scala:17)
	at scala.reflect.internal.Mirrors$RootsBase.getModuleOrClass(Mirrors.scala:48)
	at scala.reflect.internal.Mirrors$RootsBase.getModuleOrClass(Mirrors.scala:61)
	at scala.reflect.internal.Mirrors$RootsBase.getClassByName(Mirrors.scala:99)
	at scala.reflect.internal.Mirrors$RootsBase.getRequiredClass(Mirrors.scala:102)
	at scala.reflect.internal.Mirrors$RootsBase.requiredClass(Mirrors.scala:105)
	at scala.reflect.internal.Definitions$DefinitionsClass.SerializableAttr$lzycompute(Definitions.scala:962)
	at scala.reflect.internal.Definitions$DefinitionsClass.SerializableAttr(Definitions.scala:962)
	at scala.reflect.internal.Symbols$Symbol.isSerializable(Symbols.scala:720)
	at scala.tools.nsc.typechecker.SyntheticMethods$class.needsReadResolve$1(SyntheticMethods.scala:324)
	at scala.tools.nsc.typechecker.SyntheticMethods$class.extras$1(SyntheticMethods.scala:357)
	at scala.tools.nsc.typechecker.SyntheticMethods$class.synthesize$1(SyntheticMethods.scala:367)
	at scala.tools.nsc.typechecker.SyntheticMethods$$anonfun$addSyntheticMethods$2.apply(SyntheticMethods.scala:400)
	at scala.tools.nsc.typechecker.SyntheticMethods$$anonfun$addSyntheticMethods$2.apply(SyntheticMethods.scala:398)
	at scala.reflect.internal.Trees$class.deriveTemplate(Trees.scala:1625)
	at scala.reflect.internal.SymbolTable.deriveTemplate(SymbolTable.scala:13)
	at scala.tools.nsc.typechecker.SyntheticMethods$class.addSyntheticMethods(SyntheticMethods.scala:398)
	at scala.tools.nsc.Global$$anon$1.addSyntheticMethods(Global.scala:493)
	at scala.tools.nsc.typechecker.Typers$Typer.finishMethodSynthesis(Typers.scala:1848)
	at scala.tools.nsc.typechecker.Typers$Typer.typedModuleDef(Typers.scala:1810)
	at scala.tools.nsc.typechecker.Typers$Typer.typed1(Typers.scala:5584)
	at scala.tools.nsc.typechecker.Typers$Typer.typed(Typers.scala:5642)
	at scala.tools.nsc.typechecker.Typers$Typer.scala$tools$nsc$typechecker$Typers$Typer$$typedStat$1(Typers.scala:2928)
	at scala.tools.nsc.typechecker.Typers$Typer$$anonfun$61.apply(Typers.scala:3032)
	at scala.tools.nsc.typechecker.Typers$Typer$$anonfun$61.apply(Typers.scala:3032)
	at scala.collection.immutable.List.loop$1(List.scala:170)
	at scala.collection.immutable.List.mapConserve(List.scala:186)
	at scala.tools.nsc.typechecker.Typers$Typer.typedStats(Typers.scala:3032)
	at scala.tools.nsc.typechecker.Typers$Typer.typedPackageDef$1(Typers.scala:5301)
	at scala.tools.nsc.typechecker.Typers$Typer.typed1(Typers.scala:5587)
	at scala.tools.nsc.typechecker.Typers$Typer.typed(Typers.scala:5642)
	at scala.tools.nsc.typechecker.Typers$Typer.typed(Typers.scala:5704)
	at scala.tools.nsc.typechecker.Analyzer$typerFactory$$anon$3.apply(Analyzer.scala:99)
	at scala.tools.nsc.Global$GlobalPhase.applyPhase(Global.scala:464)
	at scala.tools.nsc.interactive.Global$TyperRun$$anonfun$applyPhase$1.apply(Global.scala:1173)
	at scala.tools.nsc.interactive.Global$TyperRun$$anonfun$applyPhase$1.apply(Global.scala:1173)
	at scala.reflect.internal.SymbolTable.atPhase(SymbolTable.scala:207)
	at scala.tools.nsc.interactive.Global$TyperRun.applyPhase(Global.scala:1173)
	at scala.tools.nsc.interactive.Global$TyperRun.typeCheck(Global.scala:1166)
	at scala.tools.nsc.interactive.Global.scala$tools$nsc$interactive$Global$$typeCheck(Global.scala:592)
	at scala.tools.nsc.interactive.Global$$anonfun$backgroundCompile$5$$anonfun$apply$7.apply(Global.scala:508)
	at scala.tools.nsc.interactive.Global$$anonfun$backgroundCompile$5.apply(Global.scala:504)
	at scala.tools.nsc.interactive.Global$$anonfun$backgroundCompile$5.apply(Global.scala:504)
	at scala.collection.TraversableLike$WithFilter$$anonfun$foreach$1.apply(TraversableLike.scala:772)
	at scala.collection.immutable.List.foreach(List.scala:318)
	at scala.collection.TraversableLike$WithFilter.foreach(TraversableLike.scala:771)
	at scala.tools.nsc.interactive.Global.backgroundCompile(Global.scala:504)
	at scala.tools.nsc.interactive.PresentationCompilerThread.run(PresentationCompilerThread.scala:25)
[FunSets.scala] marking unit as crashed (crashedFiles: Set(/Users/valentina/git/scala-course/funsets/src/main/scala/funsets/FunSets.scala))
19:26:08.604 DEBUG akka://ENSIME/user/ensime-main/$b/2 o.e.s.RequestHandler - CompletionsReq(SourceFileInfo(RawFile(/Users/valentina/git/scala-course/funsets/src/main/scala/funsets/FunSets.scala),Some(...),None),2532,100,true,false)
19:26:08.604 DEBUG akka://ENSIME/user/ensime-main/project o.e.c.Project - received handled message CompletionsReq(SourceFileInfo(RawFile(/Users/valentina/git/scala-course/funsets/src/main/scala/funsets/FunSets.scala),Some(...),None),2532,100,true,false) in state handleRequests
19:26:08.604 DEBUG akka://ENSIME/user/ensime-main/project/scalac o.e.c.AnalyzerManager - received handled message CompletionsReq(SourceFileInfo(RawFile(/Users/valentina/git/scala-course/funsets/src/main/scala/funsets/FunSets.scala),Some(...),None),2532,100,true,false) in state ready
19:26:08.604 DEBUG akka://ENSIME/user/ensime-main/project/scalac/root_compile o.e.c.Analyzer - received handled message CompletionsReq(SourceFileInfo(RawFile(/Users/valentina/git/scala-course/funsets/src/main/scala/funsets/FunSets.scala),Some(...),None),2532,100,true,false) in state ready
19:26:08.672 DEBUG akka://ENSIME/user/ensime-main/$b/2 o.e.s.RequestHandler - received handled message CompletionInfoList(to,List(CompletionInfo(Some(ArrowTypeInfo((Function1[Int, Boolean]) => String,(scala.Function1[scala.Int, scala.Boolean]) => java.lang.String,BasicTypeInfo(String,Class,java.lang.String,List(),List(),None,L
19:26:09.835 DEBUG akka://ENSIME/user/ensime-main/$b/3 o.e.s.RequestHandler - CompletionsReq(SourceFileInfo(RawFile(/Users/valentina/git/scala-course/funsets/src/main/scala/funsets/FunSets.scala),Some(...),None),2534,100,true,false)
19:26:09.835 DEBUG akka://ENSIME/user/ensime-main/project o.e.c.Project - received handled message CompletionsReq(SourceFileInfo(RawFile(/Users/valentina/git/scala-course/funsets/src/main/scala/funsets/FunSets.scala),Some(...),None),2534,100,true,false) in state handleRequests
19:26:09.836 DEBUG akka://ENSIME/user/ensime-main/project/scalac o.e.c.AnalyzerManager - received handled message CompletionsReq(SourceFileInfo(RawFile(/Users/valentina/git/scala-course/funsets/src/main/scala/funsets/FunSets.scala),Some(...),None),2534,100,true,false) in state ready
19:26:09.836 DEBUG akka://ENSIME/user/ensime-main/project/scalac/root_compile o.e.c.Analyzer - received handled message CompletionsReq(SourceFileInfo(RawFile(/Users/valentina/git/scala-course/funsets/src/main/scala/funsets/FunSets.scala),Some(...),None),2534,100,true,false) in state ready
19:26:09.898 DEBUG akka://ENSIME/user/ensime-main/$b/3 o.e.s.RequestHandler - received handled message CompletionInfoList(toSt,List(CompletionInfo(Some(ArrowTypeInfo((Function1[Int, Boolean]) => String,(scala.Function1[scala.Int, scala.Boolean]) => java.lang.String,BasicTypeInfo(String,Class,java.lang.String,List(),List(),None
19:26:12.689 DEBUG None o.e.i.SearchService - indexing file:///Users/valentina/Library/Caches/Coursier/v1/https/repo1.maven.org/maven2/org/scala-lang/scala-library/2.11.12/scala-library-2.11.12.jar
19:26:15.144 DEBUG akka://ENSIME/user/ensime-main/$b/4 o.e.s.RequestHandler - CompletionsReq(SourceFileInfo(RawFile(/Users/valentina/git/scala-course/funsets/src/main/scala/funsets/FunSets.scala),Some(...),None),2531,100,true,false)
19:26:15.144 DEBUG akka://ENSIME/user/ensime-main/project o.e.c.Project - received handled message CompletionsReq(SourceFileInfo(RawFile(/Users/valentina/git/scala-course/funsets/src/main/scala/funsets/FunSets.scala),Some(...),None),2531,100,true,false) in state handleRequests
19:26:15.144 DEBUG akka://ENSIME/user/ensime-main/project/scalac o.e.c.AnalyzerManager - received handled message CompletionsReq(SourceFileInfo(RawFile(/Users/valentina/git/scala-course/funsets/src/main/scala/funsets/FunSets.scala),Some(...),None),2531,100,true,false) in state ready
19:26:15.144 DEBUG akka://ENSIME/user/ensime-main/project/scalac/root_compile o.e.c.Analyzer - received handled message CompletionsReq(SourceFileInfo(RawFile(/Users/valentina/git/scala-course/funsets/src/main/scala/funsets/FunSets.scala),Some(...),None),2531,100,true,false) in state ready
19:26:15.201 DEBUG akka://ENSIME/user/ensime-main/$b/4 o.e.s.RequestHandler - received handled message CompletionInfoList(e,List(CompletionInfo(None,else,100,None,false), CompletionInfo(None,extends,100,None,false), CompletionInfo(Some(ArrowTypeInfo((String) => Nothing,(java.lang.String) => scala.Nothing,BasicTypeInfo(Nothing,
19:26:19.541 DEBUG None o.e.i.SearchService - indexing file:///Users/valentina/Library/Caches/Coursier/v1/https/repo1.maven.org/maven2/org/hamcrest/hamcrest-core/1.1/hamcrest-core-1.1.jar
19:26:19.562 DEBUG None o.e.i.SearchService - indexing file:///Users/valentina/Library/Caches/Coursier/v1/https/repo1.maven.org/maven2/org/scala-lang/modules/scala-xml_2.11/1.0.2/scala-xml_2.11-1.0.2.jar
19:26:20.287 DEBUG None o.e.i.SearchService - finished indexing file:///Users/valentina/Library/Caches/Coursier/v1/https/repo1.maven.org/maven2/org/scalatest/scalatest_2.11/2.2.4/scalatest_2.11-2.2.4.jar
19:26:20.363 DEBUG None o.e.i.SearchService - finished indexing file:///Users/valentina/Library/Caches/Coursier/v1/https/repo1.maven.org/maven2/org/hamcrest/hamcrest-core/1.1/hamcrest-core-1.1.jar
19:26:29.542 DEBUG None o.e.i.SearchService - finished indexing file:///Library/Java/JavaVirtualMachines/jdk1.8.0_171.jdk/Contents/Home/jre/lib/rt.jar
19:26:31.362 DEBUG akka://ENSIME/user/ensime-main/$b/5 o.e.s.RequestHandler - CompletionsReq(SourceFileInfo(RawFile(/Users/valentina/git/scala-course/funsets/src/main/scala/funsets/FunSets.scala),Some(...),None),2546,100,true,false)
19:26:31.363 DEBUG akka://ENSIME/user/ensime-main/project o.e.c.Project - received handled message CompletionsReq(SourceFileInfo(RawFile(/Users/valentina/git/scala-course/funsets/src/main/scala/funsets/FunSets.scala),Some(...),None),2546,100,true,false) in state handleRequests
19:26:31.363 DEBUG akka://ENSIME/user/ensime-main/project/scalac o.e.c.AnalyzerManager - received handled message CompletionsReq(SourceFileInfo(RawFile(/Users/valentina/git/scala-course/funsets/src/main/scala/funsets/FunSets.scala),Some(...),None),2546,100,true,false) in state ready
19:26:31.363 DEBUG akka://ENSIME/user/ensime-main/project/scalac/root_compile o.e.c.Analyzer - received handled message CompletionsReq(SourceFileInfo(RawFile(/Users/valentina/git/scala-course/funsets/src/main/scala/funsets/FunSets.scala),Some(...),None),2546,100,true,false) in state ready
19:26:31.382 DEBUG akka://ENSIME/user/ensime-main/$b/5 o.e.s.RequestHandler - received handled message CompletionInfoList(,List()) in state receive
19:26:32.957 DEBUG None o.e.i.SearchService - finished indexing file:///Users/valentina/Library/Caches/Coursier/v1/https/repo1.maven.org/maven2/org/scala-lang/scala-library/2.11.12/scala-library-2.11.12.jar
19:26:33.227 DEBUG None o.e.i.SearchService - finished indexing file:///Users/valentina/Library/Caches/Coursier/v1/https/repo1.maven.org/maven2/org/scala-lang/modules/scala-xml_2.11/1.0.2/scala-xml_2.11-1.0.2.jar
19:26:33.228 DEBUG None o.e.i.SearchService - indexing file:///Users/valentina/Library/Caches/Coursier/v1/https/repo1.maven.org/maven2/org/scala-lang/scala-reflect/2.11.12/scala-reflect-2.11.12.jar
19:26:33.228 DEBUG None o.e.i.SearchService - indexing file:///Users/valentina/Library/Caches/Coursier/v1/https/repo1.maven.org/maven2/org/scala-lang/modules/scala-parser-combinators_2.11/1.0.4/scala-parser-combinators_2.11-1.0.4.jar
19:26:33.630 DEBUG None o.e.i.SearchService - finished indexing file:///Users/valentina/Library/Caches/Coursier/v1/https/repo1.maven.org/maven2/org/scala-lang/modules/scala-parser-combinators_2.11/1.0.4/scala-parser-combinators_2.11-1.0.4.jar
19:26:38.436 DEBUG None o.e.i.SearchService - finished indexing file:///Users/valentina/Library/Caches/Coursier/v1/https/repo1.maven.org/maven2/org/scala-lang/scala-reflect/2.11.12/scala-reflect-2.11.12.jar
19:26:38.891 DEBUG akka://ENSIME/user/ensime-main/$b/6 o.e.s.RequestHandler - CompletionsReq(SourceFileInfo(RawFile(/Users/valentina/git/scala-course/funsets/src/main/scala/funsets/FunSets.scala),Some(...),None),2547,100,true,false)
19:26:38.891 DEBUG akka://ENSIME/user/ensime-main/project o.e.c.Project - received handled message CompletionsReq(SourceFileInfo(RawFile(/Users/valentina/git/scala-course/funsets/src/main/scala/funsets/FunSets.scala),Some(...),None),2547,100,true,false) in state handleRequests
19:26:38.891 DEBUG akka://ENSIME/user/ensime-main/project/scalac o.e.c.AnalyzerManager - received handled message CompletionsReq(SourceFileInfo(RawFile(/Users/valentina/git/scala-course/funsets/src/main/scala/funsets/FunSets.scala),Some(...),None),2547,100,true,false) in state ready
19:26:38.892 DEBUG akka://ENSIME/user/ensime-main/project/scalac/root_compile o.e.c.Analyzer - received handled message CompletionsReq(SourceFileInfo(RawFile(/Users/valentina/git/scala-course/funsets/src/main/scala/funsets/FunSets.scala),Some(...),None),2547,100,true,false) in state ready
19:26:38.906 DEBUG akka://ENSIME/user/ensime-main/$b/6 o.e.s.RequestHandler - received handled message CompletionInfoList(f,List(CompletionInfo(None,for,100,None,false), CompletionInfo(None,false,100,None,false), CompletionInfo(None,final,100,None,false), CompletionInfo(None,finally,100,None,false), CompletionInfo(None,forSome
19:26:38.926 DEBUG akka://ENSIME/user/ensime-main/project o.e.c.Project - created 202454 and removed 0 searchable rows
19:26:38.927 DEBUG akka://ENSIME/user/ensime-main/$b o.e.s.ConnectionHandler - received handled message IndexerReadyEvent
19:26:59.810 DEBUG akka://ENSIME/user/ensime-main/$b/7 o.e.s.RequestHandler - CompletionsReq(SourceFileInfo(RawFile(/Users/valentina/git/scala-course/funsets/src/main/scala/funsets/FunSets.scala),Some(...),None),2546,100,true,false)
19:26:59.810 DEBUG akka://ENSIME/user/ensime-main/project o.e.c.Project - received handled message CompletionsReq(SourceFileInfo(RawFile(/Users/valentina/git/scala-course/funsets/src/main/scala/funsets/FunSets.scala),Some(...),None),2546,100,true,false) in state handleRequests
19:26:59.810 DEBUG akka://ENSIME/user/ensime-main/project/scalac o.e.c.AnalyzerManager - received handled message CompletionsReq(SourceFileInfo(RawFile(/Users/valentina/git/scala-course/funsets/src/main/scala/funsets/FunSets.scala),Some(...),None),2546,100,true,false) in state ready
19:26:59.810 DEBUG akka://ENSIME/user/ensime-main/project/scalac/root_compile o.e.c.Analyzer - received handled message CompletionsReq(SourceFileInfo(RawFile(/Users/valentina/git/scala-course/funsets/src/main/scala/funsets/FunSets.scala),Some(...),None),2546,100,true,false) in state ready
19:26:59.823 DEBUG akka://ENSIME/user/ensime-main/$b/7 o.e.s.RequestHandler - received handled message CompletionInfoList(,List()) in state receive
19:27:03.864 DEBUG akka://ENSIME/user/ensime-main/$b/8 o.e.s.RequestHandler - CompletionsReq(SourceFileInfo(RawFile(/Users/valentina/git/scala-course/funsets/src/main/scala/funsets/FunSets.scala),Some(...),None),2531,100,true,false)
19:27:03.864 DEBUG akka://ENSIME/user/ensime-main/project o.e.c.Project - received handled message CompletionsReq(SourceFileInfo(RawFile(/Users/valentina/git/scala-course/funsets/src/main/scala/funsets/FunSets.scala),Some(...),None),2531,100,true,false) in state handleRequests
19:27:03.864 DEBUG akka://ENSIME/user/ensime-main/project/scalac o.e.c.AnalyzerManager - received handled message CompletionsReq(SourceFileInfo(RawFile(/Users/valentina/git/scala-course/funsets/src/main/scala/funsets/FunSets.scala),Some(...),None),2531,100,true,false) in state ready
19:27:03.864 DEBUG akka://ENSIME/user/ensime-main/project/scalac/root_compile o.e.c.Analyzer - received handled message CompletionsReq(SourceFileInfo(RawFile(/Users/valentina/git/scala-course/funsets/src/main/scala/funsets/FunSets.scala),Some(...),None),2531,100,true,false) in state ready
19:27:03.933 DEBUG akka://ENSIME/user/ensime-main/$b/8 o.e.s.RequestHandler - received handled message CompletionInfoList(L,List()) in state receive
19:27:06.595 DEBUG akka://ENSIME/user/ensime-main/$b/9 o.e.s.RequestHandler - CompletionsReq(SourceFileInfo(RawFile(/Users/valentina/git/scala-course/funsets/src/main/scala/funsets/FunSets.scala),Some(...),None),2542,100,true,false)
19:27:06.596 DEBUG akka://ENSIME/user/ensime-main/project o.e.c.Project - received handled message CompletionsReq(SourceFileInfo(RawFile(/Users/valentina/git/scala-course/funsets/src/main/scala/funsets/FunSets.scala),Some(...),None),2542,100,true,false) in state handleRequests
19:27:06.596 DEBUG akka://ENSIME/user/ensime-main/project/scalac o.e.c.AnalyzerManager - received handled message CompletionsReq(SourceFileInfo(RawFile(/Users/valentina/git/scala-course/funsets/src/main/scala/funsets/FunSets.scala),Some(...),None),2542,100,true,false) in state ready
19:27:06.596 DEBUG akka://ENSIME/user/ensime-main/project/scalac/root_compile o.e.c.Analyzer - received handled message CompletionsReq(SourceFileInfo(RawFile(/Users/valentina/git/scala-course/funsets/src/main/scala/funsets/FunSets.scala),Some(...),None),2542,100,true,false) in state ready
19:27:06.823 DEBUG akka://ENSIME/user/ensime-main/$b/9 o.e.s.RequestHandler - received handled message CompletionInfoList(,List(CompletionInfo(Some(ArrowTypeInfo((B) => (CanBuildFrom[List[Int], B, That]) => That,(scala.collection.immutable.List.B) => (scala.collection.generic.CanBuildFrom[scala.collection.immutable.List[scala.
19:27:07.831 DEBUG akka://ENSIME/user/ensime-main/$b/10 o.e.s.RequestHandler - CompletionsReq(SourceFileInfo(RawFile(/Users/valentina/git/scala-course/funsets/src/main/scala/funsets/FunSets.scala),Some(...),None),2543,100,true,false)
19:27:07.831 DEBUG akka://ENSIME/user/ensime-main/project o.e.c.Project - received handled message CompletionsReq(SourceFileInfo(RawFile(/Users/valentina/git/scala-course/funsets/src/main/scala/funsets/FunSets.scala),Some(...),None),2543,100,true,false) in state handleRequests
19:27:07.831 DEBUG akka://ENSIME/user/ensime-main/project/scalac o.e.c.AnalyzerManager - received handled message CompletionsReq(SourceFileInfo(RawFile(/Users/valentina/git/scala-course/funsets/src/main/scala/funsets/FunSets.scala),Some(...),None),2543,100,true,false) in state ready
19:27:07.831 DEBUG akka://ENSIME/user/ensime-main/project/scalac/root_compile o.e.c.Analyzer - received handled message CompletionsReq(SourceFileInfo(RawFile(/Users/valentina/git/scala-course/funsets/src/main/scala/funsets/FunSets.scala),Some(...),None),2543,100,true,false) in state ready
19:27:07.937 DEBUG akka://ENSIME/user/ensime-main/$b/10 o.e.s.RequestHandler - received handled message CompletionInfoList(f,List(CompletionInfo(None,for,100,None,false), CompletionInfo(None,false,100,None,false), CompletionInfo(None,final,100,None,false), CompletionInfo(None,finally,100,None,false), CompletionInfo(None,forSome
19:31:05.958 DEBUG akka://ENSIME/user/ensime-main/project/scalac/$a o.e.c.Analyzer - received handled message SuspendAnalyzer in state ready
19:32:07.834 DEBUG akka://ENSIME/user/ensime-main/project/scalac/root_compile o.e.c.Analyzer - received handled message SuspendAnalyzer in state ready
19:36:58.316 WARN  None c.o.o.c.OSignalHandler - Received signal: SIGTERM
19:36:58.316 INFO  None c.o.o.c.Orient - Orient Engine is shutting down...
19:36:58.317 INFO  None c.o.o.c.Orient - - shutdown storage: graph-2.0.4...
19:36:58.329 WARN  None c.o.o.c.OSignalHandler - Received signal: SIGTERM
19:36:58.721 INFO  None c.o.o.c.Orient - OrientDB Engine shutdown complete
